<?xml version="1.0" encoding="UTF-8"?><testrun name="HCCalculatorTest" project="fr.inria.diverse.puzzle.metrics" tests="14" started="14" failures="1" errors="0" ignored="0">
  <testsuite name="fr.inria.diverse.puzzle.metrics.HCCalculatorTest" time="0.136">
    <testcase name="testPerformHierarhicalDomainsAnalysis" classname="fr.inria.diverse.puzzle.metrics.HCCalculatorTest" time="0.127">
      <failure>java.lang.AssertionError
	at org.junit.Assert.fail(Assert.java:86)
	at org.junit.Assert.assertTrue(Assert.java:41)
	at org.junit.Assert.assertNotNull(Assert.java:621)
	at org.junit.Assert.assertNotNull(Assert.java:631)
	at fr.inria.diverse.puzzle.metrics.HCCalculatorTest.testPerformHierarhicalDomainsAnalysis(HCCalculatorTest.java:709)
	at sun.reflect.NativeMethodAccessorImpl.invoke0(Native Method)
	at sun.reflect.NativeMethodAccessorImpl.invoke(NativeMethodAccessorImpl.java:62)
	at sun.reflect.DelegatingMethodAccessorImpl.invoke(DelegatingMethodAccessorImpl.java:43)
	at java.lang.reflect.Method.invoke(Method.java:483)
	at org.junit.runners.model.FrameworkMethod$1.runReflectiveCall(FrameworkMethod.java:47)
	at org.junit.internal.runners.model.ReflectiveCallable.run(ReflectiveCallable.java:12)
	at org.junit.runners.model.FrameworkMethod.invokeExplosively(FrameworkMethod.java:44)
	at org.junit.internal.runners.statements.InvokeMethod.evaluate(InvokeMethod.java:17)
	at org.junit.internal.runners.statements.RunBefores.evaluate(RunBefores.java:26)
	at org.junit.runners.ParentRunner.runLeaf(ParentRunner.java:271)
	at org.junit.runners.BlockJUnit4ClassRunner.runChild(BlockJUnit4ClassRunner.java:70)
	at org.junit.runners.BlockJUnit4ClassRunner.runChild(BlockJUnit4ClassRunner.java:50)
	at org.junit.runners.ParentRunner$3.run(ParentRunner.java:238)
	at org.junit.runners.ParentRunner$1.schedule(ParentRunner.java:63)
	at org.junit.runners.ParentRunner.runChildren(ParentRunner.java:236)
	at org.junit.runners.ParentRunner.access$000(ParentRunner.java:53)
	at org.junit.runners.ParentRunner$2.evaluate(ParentRunner.java:229)
	at org.junit.runners.ParentRunner.run(ParentRunner.java:309)
	at org.eclipse.jdt.internal.junit4.runner.JUnit4TestReference.run(JUnit4TestReference.java:50)
	at org.eclipse.jdt.internal.junit.runner.TestExecution.run(TestExecution.java:38)
	at org.eclipse.jdt.internal.junit.runner.RemoteTestRunner.runTests(RemoteTestRunner.java:459)
	at org.eclipse.jdt.internal.junit.runner.RemoteTestRunner.runTests(RemoteTestRunner.java:675)
	at org.eclipse.jdt.internal.junit.runner.RemoteTestRunner.run(RemoteTestRunner.java:382)
	at org.eclipse.jdt.internal.junit.runner.RemoteTestRunner.main(RemoteTestRunner.java:192)

</failure>
    </testcase>
    <testcase name="testUpdateHCMatrixThirdIteration" classname="fr.inria.diverse.puzzle.metrics.HCCalculatorTest" time="0.001"/>
    <testcase name="testFindBiggerEntry" classname="fr.inria.diverse.puzzle.metrics.HCCalculatorTest" time="0.001"/>
    <testcase name="testUpdateHCTreeWithEntryThirdIteration" classname="fr.inria.diverse.puzzle.metrics.HCCalculatorTest" time="0.001"/>
    <testcase name="testUpdateHCTreeWithEntrySecondIteration" classname="fr.inria.diverse.puzzle.metrics.HCCalculatorTest" time="0.001"/>
    <testcase name="testUpdateHCMatrixForthIteration" classname="fr.inria.diverse.puzzle.metrics.HCCalculatorTest" time="0.0"/>
    <testcase name="testUpdateHCMatrixFivethIteration" classname="fr.inria.diverse.puzzle.metrics.HCCalculatorTest" time="0.001"/>
    <testcase name="testUpdateHCTreeWithEntryForthIteration" classname="fr.inria.diverse.puzzle.metrics.HCCalculatorTest" time="0.001"/>
    <testcase name="testUpdateHCMatrixFirstIteration" classname="fr.inria.diverse.puzzle.metrics.HCCalculatorTest" time="0.0"/>
    <testcase name="testUpdateHCMatrixSecondIteration" classname="fr.inria.diverse.puzzle.metrics.HCCalculatorTest" time="0.001"/>
    <testcase name="testMetricComputation" classname="fr.inria.diverse.puzzle.metrics.HCCalculatorTest" time="0.0"/>
    <testcase name="testUpdateHCTreeWithEntryFirstIteration" classname="fr.inria.diverse.puzzle.metrics.HCCalculatorTest" time="0.001"/>
    <testcase name="testUpdateHCTreeWithEntryFivethIteration" classname="fr.inria.diverse.puzzle.metrics.HCCalculatorTest" time="0.0"/>
    <testcase name="testBuildInitialHCMatrixFromMetrixMatrix" classname="fr.inria.diverse.puzzle.metrics.HCCalculatorTest" time="0.001"/>
  </testsuite>
</testrun>
